{"sessionId":"538766","location":"server.js:/api/library/presentation:entry","message":"save presentation","data":{"hypothesisId":"H4","hasStudentId":false,"slideCount":0,"refCount":0,"titleLen":12},"timestamp":1774407625082}
{"sessionId":"538766","location":"server.js:/api/library/presentation:entry","message":"save presentation","data":{"hypothesisId":"H4","hasStudentId":false,"slideCount":0,"refCount":0,"titleLen":12},"timestamp":1774407625173}
{"sessionId":"538766","location":"server.js:/api/library/ingest:entry","message":"ingest","data":{"fileName":"Unit 5.pdf","byteLength":525390,"mimeType":"application/pdf"},"timestamp":1774408630625}
{"sessionId":"538766","location":"server.js:/api/library/ingest:success","message":"ingest saved","data":{"sourceId":"15f979c3-f6c9-4f04-9fc2-d7ad98b7ba04","deduplicated":false,"format":"pdf"},"timestamp":1774408632300}
{"sessionId":"538766","location":"server.js:/api/presentation:entry","message":"presentation request","data":{"hypothesisId":"H1","topicLen":10,"sourcesLen":1,"requestedSlides":8},"timestamp":1774408940029}
{"sessionId":"538766","location":"server.js:/api/presentation:success","message":"presentation generated","data":{"hypothesisId":"H1","slideCount":8,"refCount":1},"timestamp":1774409037504}
{"sessionId":"538766","location":"server.js:/api/library/presentation:entry","message":"save presentation","data":{"hypothesisId":"H4","hasStudentId":true,"slideCount":8,"refCount":1,"titleLen":10},"timestamp":1774409037511}
{"sessionId":"538766","location":"server.js:/api/library/presentation:catch","message":"save presentation failed","data":{"hypothesisId":"H4","detail":"Could not find the 'chart_bars' column of 'presentation_slides' in the schema cache"},"timestamp":1774409038138}
{"sessionId":"538766","location":"server.js:/api/presentation:entry","message":"presentation request","data":{"hypothesisId":"H1","topicLen":10,"sourcesLen":1,"requestedSlides":8},"timestamp":1774409206521}
{"sessionId":"538766","location":"server.js:/api/presentation:success","message":"presentation generated","data":{"hypothesisId":"H1","slideCount":8,"refCount":1},"timestamp":1774409246665}
{"sessionId":"538766","location":"server.js:/api/library/presentation:entry","message":"save presentation","data":{"hypothesisId":"H4","hasStudentId":true,"slideCount":8,"refCount":1,"titleLen":10},"timestamp":1774409246670}
{"sessionId":"538766","location":"server.js:/api/library/presentation:catch","message":"save presentation failed","data":{"hypothesisId":"H4","detail":"Could not find the 'chart_bars' column of 'presentation_slides' in the schema cache"},"timestamp":1774409247351}
{"sessionId":"538766","location":"server.js:/api/presentation:entry","message":"presentation request","data":{"hypothesisId":"H1","topicLen":10,"sourcesLen":1,"requestedSlides":8},"timestamp":1774413831417}
{"sessionId":"538766","location":"server.js:/api/presentation:success","message":"presentation generated","data":{"hypothesisId":"H1","slideCount":8,"refCount":1},"timestamp":1774413869489}
{"sessionId":"538766","location":"server.js:/api/library/presentation:entry","message":"save presentation","data":{"hypothesisId":"H4","hasStudentId":true,"slideCount":8,"refCount":1,"titleLen":10},"timestamp":1774413869495}
{"sessionId":"538766","location":"server.js:/api/library/presentation:catch","message":"save presentation failed","data":{"hypothesisId":"H4","detail":"Could not find the 'chart_bars' column of 'presentation_slides' in the schema cache"},"timestamp":1774413871089}
{"sessionId":"538766","location":"server.js:/api/library/ingest:entry","message":"ingest","data":{"fileName":"Clinic Connect - Problem Identification.pptx","byteLength":2646964,"mimeType":"application/vnd.openxmlformats-officedocument.presentationml.presentation"},"timestamp":1774417647346}
{"sessionId":"538766","location":"server.js:/api/library/ingest:success","message":"ingest saved","data":{"sourceId":"276ee753-12f9-4319-adcd-7255ade7ddaa","deduplicated":false,"format":"pptx"},"timestamp":1774417649120}
{"sessionId":"538766","location":"server.js:/api/library/ingest:entry","message":"ingest","data":{"fileName":"pfp.jpg","byteLength":65129,"mimeType":"image/jpeg"},"timestamp":1774420398986}
{"sessionId":"538766","location":"server.js:/api/library/ingest:success","message":"ingest saved","data":{"sourceId":"4a7dea0f-57da-437f-9b8a-68f31edb0c61","deduplicated":false,"format":"image"},"timestamp":1774420401246}
{"sessionId":"538766","location":"server.js:/api/library/ingest:entry","message":"ingest","data":{"fileName":"UD2-1-JAVA-ENG-Colections-ArrayList.pdf","byteLength":1218370,"mimeType":"application/pdf"},"timestamp":1774440041665}
{"sessionId":"538766","location":"server.js:/api/library/ingest:success","message":"ingest saved","data":{"sourceId":"e9d5db8b-4115-48f7-bb41-1c125fb2502e","deduplicated":false,"format":"pdf"},"timestamp":1774440045115}
{"sessionId":"538766","location":"server.js:/api/presentation:entry","message":"presentation request","data":{"hypothesisId":"H1","topicLen":4,"sourcesLen":1,"requestedSlides":8},"timestamp":1774440466327}
{"sessionId":"538766","location":"server.js:/api/presentation:success","message":"presentation generated","data":{"hypothesisId":"H1","slideCount":8,"refCount":1},"timestamp":1774440525878}
{"sessionId":"538766","location":"server.js:/api/library/presentation:entry","message":"save presentation","data":{"hypothesisId":"H4","hasStudentId":true,"slideCount":8,"refCount":1,"titleLen":39},"timestamp":1774440525883}
{"sessionId":"538766","location":"server.js:/api/library/presentation:catch","message":"save presentation failed","data":{"hypothesisId":"H4","detail":"Could not find the 'chart_bars' column of 'presentation_slides' in the schema cache"},"timestamp":1774440526755}
{"sessionId":"538766","location":"server.js:/api/presentation:entry","message":"presentation request","data":{"hypothesisId":"H1","topicLen":10,"sourcesLen":1,"requestedSlides":8},"timestamp":1774441718027}
{"sessionId":"538766","location":"server.js:/api/presentation:success","message":"presentation generated","data":{"hypothesisId":"H1","slideCount":8,"refCount":1},"timestamp":1774441778337}
{"sessionId":"538766","location":"server.js:/api/library/presentation:entry","message":"save presentation","data":{"hypothesisId":"H4","hasStudentId":true,"slideCount":8,"refCount":1,"titleLen":10},"timestamp":1774441778349}
{"sessionId":"538766","location":"server.js:/api/library/presentation:catch","message":"save presentation failed","data":{"hypothesisId":"H4","detail":"Could not find the 'chart_bars' column of 'presentation_slides' in the schema cache"},"timestamp":1774441779584}
{"sessionId":"538766","location":"server.js:/api/presentation:entry","message":"presentation request","data":{"hypothesisId":"H1","topicLen":3,"sourcesLen":1,"requestedSlides":8},"timestamp":1774442814162}
{"sessionId":"538766","location":"server.js:/api/presentation:success","message":"presentation generated","data":{"hypothesisId":"H1","slideCount":8,"refCount":1},"timestamp":1774442866794}
{"sessionId":"538766","location":"server.js:/api/library/ingest:entry","message":"ingest","data":{"fileName":"Unit 2.pdf","byteLength":522060,"mimeType":"application/pdf"},"timestamp":1774447517656}
{"sessionId":"538766","location":"server.js:/api/library/ingest:success","message":"ingest saved","data":{"sourceId":"6ec4fd18-14d1-4762-9a93-6a98a564f805","deduplicated":false,"format":"pdf"},"timestamp":1774447519527}
{"sessionId":"538766","location":"server.js:/api/presentation:entry","message":"presentation request","data":{"hypothesisId":"H1","topicLen":10,"sourcesLen":1,"requestedSlides":8},"timestamp":1774451922727}
{"sessionId":"538766","location":"server.js:/api/presentation:success","message":"presentation generated","data":{"hypothesisId":"H1","slideCount":8,"refCount":1},"timestamp":1774451988358}
{"sessionId":"538766","location":"server.js:/api/library/presentation:entry","message":"save presentation","data":{"hypothesisId":"H4","hasStudentId":true,"slideCount":8,"refCount":1,"titleLen":26},"timestamp":1774451988362}
{"sessionId":"538766","location":"server.js:/api/library/presentation:catch","message":"save presentation failed","data":{"hypothesisId":"H4","detail":"Could not find the 'chart_bars' column of 'presentation_slides' in the schema cache"},"timestamp":1774451989615}
